{"/home/defauth/code/projects/books-api/__tests__/util/createFakeBook.ts": {"path":"/home/defauth/code/projects/books-api/__tests__/util/createFakeBook.ts","statementMap":{"0":{"start":{"line":1,"column":0},"end":{"line":1,"column":26}},"1":{"start":{"line":4,"column":15},"end":{"line":7,"column":4}},"2":{"start":{"line":9,"column":2},"end":{"line":9,"column":14}},"3":{"start":{"line":12,"column":0},"end":{"line":12,"column":30}}},"fnMap":{"0":{"name":"createFakeBook","decl":{"start":{"line":3,"column":9},"end":{"line":3,"column":23}},"loc":{"start":{"line":3,"column":23},"end":{"line":10,"column":1}}}},"branchMap":{},"s":{"0":1,"1":10,"2":10,"3":1},"f":{"0":10},"b":{}}
,"/home/defauth/code/projects/books-api/__tests__/util/createFakeUser.ts": {"path":"/home/defauth/code/projects/books-api/__tests__/util/createFakeUser.ts","statementMap":{"0":{"start":{"line":1,"column":0},"end":{"line":1,"column":26}},"1":{"start":{"line":4,"column":15},"end":{"line":8,"column":4}},"2":{"start":{"line":10,"column":2},"end":{"line":10,"column":14}},"3":{"start":{"line":13,"column":0},"end":{"line":13,"column":30}}},"fnMap":{"0":{"name":"createFakeUser","decl":{"start":{"line":3,"column":9},"end":{"line":3,"column":23}},"loc":{"start":{"line":3,"column":23},"end":{"line":11,"column":1}}}},"branchMap":{},"s":{"0":2,"1":9,"2":9,"3":2},"f":{"0":9},"b":{}}
,"/home/defauth/code/projects/books-api/src/app.ts": {"path":"/home/defauth/code/projects/books-api/src/app.ts","statementMap":{"0":{"start":{"line":1,"column":0},"end":{"line":1,"column":30}},"1":{"start":{"line":3,"column":0},"end":{"line":3,"column":30}},"2":{"start":{"line":5,"column":0},"end":{"line":5,"column":23}},"3":{"start":{"line":7,"column":12},"end":{"line":7,"column":21}},"4":{"start":{"line":9,"column":0},"end":{"line":9,"column":24}},"5":{"start":{"line":10,"column":0},"end":{"line":10,"column":16}},"6":{"start":{"line":12,"column":0},"end":{"line":12,"column":19}}},"fnMap":{},"branchMap":{},"s":{"0":3,"1":3,"2":3,"3":3,"4":3,"5":3,"6":3},"f":{},"b":{}}
,"/home/defauth/code/projects/books-api/src/routes.ts": {"path":"/home/defauth/code/projects/books-api/src/routes.ts","statementMap":{"0":{"start":{"line":1,"column":0},"end":{"line":1,"column":30}},"1":{"start":{"line":2,"column":0},"end":{"line":2,"column":58}},"2":{"start":{"line":3,"column":0},"end":{"line":3,"column":60}},"3":{"start":{"line":5,"column":15},"end":{"line":5,"column":31}},"4":{"start":{"line":7,"column":0},"end":{"line":7,"column":44}},"5":{"start":{"line":8,"column":0},"end":{"line":8,"column":44}},"6":{"start":{"line":10,"column":0},"end":{"line":10,"column":45}},"7":{"start":{"line":11,"column":0},"end":{"line":11,"column":46}},"8":{"start":{"line":12,"column":0},"end":{"line":12,"column":43}},"9":{"start":{"line":13,"column":0},"end":{"line":13,"column":51}},"10":{"start":{"line":14,"column":0},"end":{"line":14,"column":48}},"11":{"start":{"line":16,"column":0},"end":{"line":16,"column":46}},"12":{"start":{"line":18,"column":0},"end":{"line":18,"column":22}}},"fnMap":{},"branchMap":{},"s":{"0":3,"1":3,"2":3,"3":3,"4":3,"5":3,"6":3,"7":3,"8":3,"9":3,"10":3,"11":3,"12":3},"f":{},"b":{}}
,"/home/defauth/code/projects/books-api/src/controllers/AuthController.ts": {"path":"/home/defauth/code/projects/books-api/src/controllers/AuthController.ts","statementMap":{"0":{"start":{"line":2,"column":0},"end":{"line":2,"column":40}},"1":{"start":{"line":3,"column":0},"end":{"line":3,"column":23}},"2":{"start":{"line":5,"column":0},"end":{"line":5,"column":31}},"3":{"start":{"line":6,"column":0},"end":{"line":6,"column":28}},"4":{"start":{"line":9,"column":0},"end":{"line":9,"column":37}},"5":{"start":{"line":11,"column":15},"end":{"line":11,"column":47}},"6":{"start":{"line":13,"column":13},"end":{"line":13,"column":29}},"7":{"start":{"line":16,"column":2},"end":{"line":18,"column":5}},"8":{"start":{"line":21,"column":0},"end":{"line":87,"column":2}},"9":{"start":{"line":23,"column":38},"end":{"line":23,"column":50}},"10":{"start":{"line":25,"column":4},"end":{"line":27,"column":null}},"11":{"start":{"line":26,"column":6},"end":{"line":26,"column":80}},"12":{"start":{"line":29,"column":4},"end":{"line":33,"column":null}},"13":{"start":{"line":30,"column":6},"end":{"line":32,"column":56}},"14":{"start":{"line":35,"column":4},"end":{"line":39,"column":null}},"15":{"start":{"line":36,"column":6},"end":{"line":38,"column":56}},"16":{"start":{"line":41,"column":26},"end":{"line":41,"column":56}},"17":{"start":{"line":43,"column":27},"end":{"line":43,"column":47}},"18":{"start":{"line":45,"column":4},"end":{"line":59,"column":null}},"19":{"start":{"line":46,"column":22},"end":{"line":50,"column":8}},"20":{"start":{"line":52,"column":24},"end":{"line":52,"column":58}},"21":{"start":{"line":54,"column":20},"end":{"line":54,"column":55}},"22":{"start":{"line":56,"column":6},"end":{"line":56,"column":55}},"23":{"start":{"line":58,"column":6},"end":{"line":58,"column":65}},"24":{"start":{"line":63,"column":32},"end":{"line":63,"column":44}},"25":{"start":{"line":65,"column":27},"end":{"line":65,"column":47}},"26":{"start":{"line":67,"column":4},"end":{"line":85,"column":null}},"27":{"start":{"line":68,"column":19},"end":{"line":68,"column":64}},"28":{"start":{"line":70,"column":27},"end":{"line":70,"column":40}},"29":{"start":{"line":72,"column":26},"end":{"line":72,"column":70}},"30":{"start":{"line":74,"column":6},"end":{"line":82,"column":null}},"31":{"start":{"line":75,"column":22},"end":{"line":75,"column":52}},"32":{"start":{"line":77,"column":8},"end":{"line":77,"column":46}},"33":{"start":{"line":79,"column":8},"end":{"line":81,"column":61}},"34":{"start":{"line":84,"column":6},"end":{"line":84,"column":65}}},"fnMap":{"0":{"name":"generateToken","decl":{"start":{"line":15,"column":9},"end":{"line":15,"column":22}},"loc":{"start":{"line":15,"column":33},"end":{"line":19,"column":1}}},"1":{"name":"(anonymous_2)","decl":{"start":{"line":22,"column":2},"end":{"line":22,"column":7}},"loc":{"start":{"line":22,"column":51},"end":{"line":60,"column":3}}},"2":{"name":"(anonymous_3)","decl":{"start":{"line":62,"column":2},"end":{"line":62,"column":7}},"loc":{"start":{"line":62,"column":50},"end":{"line":86,"column":3}}}},"branchMap":{"0":{"loc":{"start":{"line":25,"column":4},"end":{"line":27,"column":null}},"type":"if","locations":[{"start":{"line":25,"column":4},"end":{"line":27,"column":null}},{"start":{"line":25,"column":4},"end":{"line":27,"column":null}}]},"1":{"loc":{"start":{"line":29,"column":4},"end":{"line":33,"column":null}},"type":"if","locations":[{"start":{"line":29,"column":4},"end":{"line":33,"column":null}},{"start":{"line":29,"column":4},"end":{"line":33,"column":null}}]},"2":{"loc":{"start":{"line":35,"column":4},"end":{"line":39,"column":null}},"type":"if","locations":[{"start":{"line":35,"column":4},"end":{"line":39,"column":null}},{"start":{"line":35,"column":4},"end":{"line":39,"column":null}}]},"3":{"loc":{"start":{"line":74,"column":6},"end":{"line":82,"column":null}},"type":"if","locations":[{"start":{"line":74,"column":6},"end":{"line":82,"column":null}},{"start":{"line":74,"column":6},"end":{"line":82,"column":null}}]}},"s":{"0":3,"1":3,"2":3,"3":3,"4":3,"5":3,"6":3,"7":7,"8":3,"9":10,"10":10,"11":1,"12":9,"13":1,"14":8,"15":1,"16":7,"17":7,"18":7,"19":7,"20":7,"21":6,"22":6,"23":1,"24":3,"25":3,"26":3,"27":3,"28":2,"29":2,"30":2,"31":1,"32":1,"33":1,"34":1},"f":{"0":7,"1":10,"2":3},"b":{"0":[1,9],"1":[1,8],"2":[1,7],"3":[1,1]}}
,"/home/defauth/code/projects/books-api/src/controllers/BooksController.ts": {"path":"/home/defauth/code/projects/books-api/src/controllers/BooksController.ts","statementMap":{"0":{"start":{"line":2,"column":0},"end":{"line":2,"column":40}},"1":{"start":{"line":3,"column":0},"end":{"line":3,"column":37}},"2":{"start":{"line":5,"column":0},"end":{"line":105,"column":2}},"3":{"start":{"line":7,"column":35},"end":{"line":7,"column":47}},"4":{"start":{"line":9,"column":4},"end":{"line":13,"column":null}},"5":{"start":{"line":10,"column":6},"end":{"line":12,"column":64}},"6":{"start":{"line":15,"column":4},"end":{"line":19,"column":null}},"7":{"start":{"line":16,"column":6},"end":{"line":18,"column":67}},"8":{"start":{"line":21,"column":27},"end":{"line":21,"column":47}},"9":{"start":{"line":23,"column":17},"end":{"line":23,"column":62}},"10":{"start":{"line":24,"column":22},"end":{"line":24,"column":53}},"11":{"start":{"line":26,"column":4},"end":{"line":26,"column":36}},"12":{"start":{"line":30,"column":19},"end":{"line":30,"column":33}},"13":{"start":{"line":32,"column":27},"end":{"line":32,"column":47}},"14":{"start":{"line":34,"column":4},"end":{"line":40,"column":null}},"15":{"start":{"line":35,"column":19},"end":{"line":35,"column":72}},"16":{"start":{"line":37,"column":6},"end":{"line":37,"column":33}},"17":{"start":{"line":39,"column":6},"end":{"line":39,"column":50}},"18":{"start":{"line":44,"column":27},"end":{"line":44,"column":47}},"19":{"start":{"line":46,"column":18},"end":{"line":46,"column":45}},"20":{"start":{"line":48,"column":4},"end":{"line":48,"column":32}},"21":{"start":{"line":52,"column":19},"end":{"line":52,"column":33}},"22":{"start":{"line":54,"column":27},"end":{"line":54,"column":47}},"23":{"start":{"line":56,"column":4},"end":{"line":62,"column":null}},"24":{"start":{"line":57,"column":6},"end":{"line":57,"column":38}},"25":{"start":{"line":59,"column":6},"end":{"line":59,"column":29}},"26":{"start":{"line":61,"column":6},"end":{"line":61,"column":46}},"27":{"start":{"line":66,"column":19},"end":{"line":66,"column":33}},"28":{"start":{"line":67,"column":35},"end":{"line":67,"column":47}},"29":{"start":{"line":69,"column":27},"end":{"line":69,"column":47}},"30":{"start":{"line":71,"column":4},"end":{"line":84,"column":null}},"31":{"start":{"line":72,"column":19},"end":{"line":72,"column":51}},"32":{"start":{"line":74,"column":6},"end":{"line":77,"column":null}},"33":{"start":{"line":75,"column":8},"end":{"line":75,"column":27}},"34":{"start":{"line":76,"column":8},"end":{"line":76,"column":39}},"35":{"start":{"line":79,"column":6},"end":{"line":79,"column":38}},"36":{"start":{"line":81,"column":6},"end":{"line":81,"column":33}},"37":{"start":{"line":83,"column":6},"end":{"line":83,"column":50}},"38":{"start":{"line":88,"column":22},"end":{"line":88,"column":34}},"39":{"start":{"line":90,"column":27},"end":{"line":90,"column":47}},"40":{"start":{"line":92,"column":17},"end":{"line":95,"column":6}},"41":{"start":{"line":97,"column":4},"end":{"line":99,"column":null}},"42":{"start":{"line":98,"column":6},"end":{"line":98,"column":33}},"43":{"start":{"line":101,"column":4},"end":{"line":103,"column":78}}},"fnMap":{"0":{"name":"(anonymous_1)","decl":{"start":{"line":6,"column":2},"end":{"line":6,"column":7}},"loc":{"start":{"line":6,"column":51},"end":{"line":27,"column":3}}},"1":{"name":"(anonymous_2)","decl":{"start":{"line":29,"column":2},"end":{"line":29,"column":7}},"loc":{"start":{"line":29,"column":49},"end":{"line":41,"column":3}}},"2":{"name":"(anonymous_3)","decl":{"start":{"line":43,"column":2},"end":{"line":43,"column":7}},"loc":{"start":{"line":43,"column":50},"end":{"line":49,"column":3}}},"3":{"name":"(anonymous_4)","decl":{"start":{"line":51,"column":2},"end":{"line":51,"column":7}},"loc":{"start":{"line":51,"column":51},"end":{"line":63,"column":3}}},"4":{"name":"(anonymous_5)","decl":{"start":{"line":65,"column":2},"end":{"line":65,"column":7}},"loc":{"start":{"line":65,"column":51},"end":{"line":85,"column":3}}},"5":{"name":"(anonymous_6)","decl":{"start":{"line":87,"column":2},"end":{"line":87,"column":7}},"loc":{"start":{"line":87,"column":51},"end":{"line":104,"column":3}}}},"branchMap":{"0":{"loc":{"start":{"line":9,"column":4},"end":{"line":13,"column":null}},"type":"if","locations":[{"start":{"line":9,"column":4},"end":{"line":13,"column":null}},{"start":{"line":9,"column":4},"end":{"line":13,"column":null}}]},"1":{"loc":{"start":{"line":15,"column":4},"end":{"line":19,"column":null}},"type":"if","locations":[{"start":{"line":15,"column":4},"end":{"line":19,"column":null}},{"start":{"line":15,"column":4},"end":{"line":19,"column":null}}]},"2":{"loc":{"start":{"line":74,"column":6},"end":{"line":77,"column":null}},"type":"if","locations":[{"start":{"line":74,"column":6},"end":{"line":77,"column":null}},{"start":{"line":74,"column":6},"end":{"line":77,"column":null}}]},"3":{"loc":{"start":{"line":97,"column":4},"end":{"line":99,"column":null}},"type":"if","locations":[{"start":{"line":97,"column":4},"end":{"line":99,"column":null}},{"start":{"line":97,"column":4},"end":{"line":99,"column":null}}]}},"s":{"0":3,"1":3,"2":3,"3":7,"4":7,"5":1,"6":6,"7":1,"8":5,"9":5,"10":5,"11":5,"12":2,"13":2,"14":2,"15":2,"16":1,"17":1,"18":1,"19":1,"20":1,"21":1,"22":1,"23":1,"24":1,"25":1,"26":0,"27":2,"28":2,"29":2,"30":2,"31":2,"32":2,"33":1,"34":1,"35":2,"36":1,"37":1,"38":2,"39":2,"40":2,"41":2,"42":1,"43":1},"f":{"0":7,"1":2,"2":1,"3":1,"4":2,"5":2},"b":{"0":[1,6],"1":[1,5],"2":[1,1],"3":[1,1]}}
,"/home/defauth/code/projects/books-api/src/database/connection.ts": {"path":"/home/defauth/code/projects/books-api/src/database/connection.ts","statementMap":{"0":{"start":{"line":1,"column":0},"end":{"line":1,"column":43}},"1":{"start":{"line":3,"column":0},"end":{"line":13,"column":null}},"2":{"start":{"line":4,"column":2},"end":{"line":12,"column":63}},"3":{"start":{"line":12,"column":26},"end":{"line":12,"column":61}}},"fnMap":{"0":{"name":"(anonymous_0)","decl":{"start":{"line":12,"column":10},"end":{"line":12,"column":11}},"loc":{"start":{"line":12,"column":26},"end":{"line":12,"column":61}}}},"branchMap":{"0":{"loc":{"start":{"line":3,"column":0},"end":{"line":13,"column":null}},"type":"if","locations":[{"start":{"line":3,"column":0},"end":{"line":13,"column":null}},{"start":{"line":3,"column":0},"end":{"line":13,"column":null}}]}},"s":{"0":3,"1":3,"2":0,"3":0},"f":{"0":0},"b":{"0":[0,3]}}
,"/home/defauth/code/projects/books-api/src/entities/Book.ts": {"path":"/home/defauth/code/projects/books-api/src/entities/Book.ts","statementMap":{"0":{"start":{"line":1,"column":0},"end":{"line":1,"column":65}},"1":{"start":{"line":4,"column":0},"end":{"line":13,"column":null}},"2":{"start":{"line":6,"column":2},"end":{"line":6,"column":null}},"3":{"start":{"line":9,"column":2},"end":{"line":9,"column":null}},"4":{"start":{"line":12,"column":2},"end":{"line":12,"column":null}},"5":{"start":{"line":4,"column":21},"end":{"line":13,"column":null}},"6":{"start":{"line":4,"column":21},"end":{"line":4,"column":null}}},"fnMap":{},"branchMap":{},"s":{"0":3,"1":3,"2":3,"3":3,"4":3,"5":3,"6":3},"f":{},"b":{}}
,"/home/defauth/code/projects/books-api/src/entities/User.ts": {"path":"/home/defauth/code/projects/books-api/src/entities/User.ts","statementMap":{"0":{"start":{"line":1,"column":0},"end":{"line":1,"column":65}},"1":{"start":{"line":4,"column":0},"end":{"line":16,"column":null}},"2":{"start":{"line":6,"column":2},"end":{"line":6,"column":null}},"3":{"start":{"line":9,"column":2},"end":{"line":9,"column":null}},"4":{"start":{"line":12,"column":2},"end":{"line":12,"column":null}},"5":{"start":{"line":15,"column":2},"end":{"line":15,"column":null}},"6":{"start":{"line":4,"column":21},"end":{"line":16,"column":null}},"7":{"start":{"line":4,"column":21},"end":{"line":4,"column":null}}},"fnMap":{},"branchMap":{},"s":{"0":3,"1":3,"2":3,"3":3,"4":3,"5":3,"6":3,"7":3},"f":{},"b":{}}
}
