TN:
SF:__tests__/util/createFakeUser.ts
FN:3,createFakeUser
FNF:1
FNH:1
FNDA:3,createFakeUser
DA:1,1
DA:4,3
DA:10,3
DA:13,1
LF:4
LH:4
BRF:0
BRH:0
end_of_record
TN:
SF:src/app.ts
FNF:0
FNH:0
DA:1,2
DA:2,2
DA:3,2
DA:5,2
DA:7,2
DA:9,2
DA:10,2
DA:12,2
LF:8
LH:8
BRF:0
BRH:0
end_of_record
TN:
SF:src/routes.ts
FNF:0
FNH:0
DA:1,2
DA:2,2
DA:3,2
DA:5,2
DA:7,2
DA:8,2
DA:10,2
DA:11,2
DA:12,2
DA:13,2
DA:14,2
DA:16,2
DA:18,2
LF:13
LH:13
BRF:0
BRH:0
end_of_record
TN:
SF:src/controllers/AuthController.ts
FN:15,generateToken
FN:22,(anonymous_2)
FN:62,(anonymous_3)
FNF:3
FNH:3
FNDA:7,generateToken
FNDA:10,(anonymous_2)
FNDA:3,(anonymous_3)
DA:2,2
DA:3,2
DA:5,2
DA:6,2
DA:9,2
DA:11,2
DA:13,2
DA:16,7
DA:21,2
DA:23,10
DA:25,10
DA:26,1
DA:29,9
DA:30,1
DA:35,8
DA:36,1
DA:41,7
DA:43,7
DA:45,7
DA:46,7
DA:52,7
DA:54,6
DA:56,6
DA:58,1
DA:63,3
DA:65,3
DA:67,3
DA:68,3
DA:70,2
DA:72,2
DA:74,2
DA:75,1
DA:77,1
DA:79,1
DA:84,1
LF:35
LH:35
BRDA:25,0,0,1
BRDA:25,0,1,9
BRDA:29,1,0,1
BRDA:29,1,1,8
BRDA:35,2,0,1
BRDA:35,2,1,7
BRDA:74,3,0,1
BRDA:74,3,1,1
BRF:8
BRH:8
end_of_record
TN:
SF:src/controllers/BooksController.ts
FN:6,(anonymous_1)
FN:21,(anonymous_2)
FN:35,(anonymous_3)
FN:47,(anonymous_4)
FN:61,(anonymous_5)
FN:83,(anonymous_6)
FNF:6
FNH:0
FNDA:0,(anonymous_1)
FNDA:0,(anonymous_2)
FNDA:0,(anonymous_3)
FNDA:0,(anonymous_4)
FNDA:0,(anonymous_5)
FNDA:0,(anonymous_6)
DA:2,2
DA:3,2
DA:5,2
DA:7,0
DA:9,0
DA:11,0
DA:12,0
DA:13,0
DA:15,0
DA:17,0
DA:22,0
DA:24,0
DA:26,0
DA:27,0
DA:29,0
DA:31,0
DA:36,0
DA:38,0
DA:39,0
DA:41,0
DA:43,0
DA:48,0
DA:50,0
DA:52,0
DA:53,0
DA:55,0
DA:57,0
DA:62,0
DA:63,0
DA:65,0
DA:67,0
DA:68,0
DA:70,0
DA:71,0
DA:72,0
DA:75,0
DA:77,0
DA:79,0
DA:84,0
DA:86,0
DA:88,0
DA:89,0
DA:94,0
DA:96,0
LF:44
LH:3
BRDA:70,0,0,0
BRDA:70,0,1,0
BRF:2
BRH:0
end_of_record
TN:
SF:src/database/connection.ts
FN:10,(anonymous_0)
FNF:1
FNH:1
FNDA:2,(anonymous_0)
DA:1,2
DA:3,2
DA:11,2
DA:12,0
LF:4
LH:3
BRDA:11,0,0,0
BRDA:11,0,1,2
BRDA:11,1,0,2
BRDA:11,1,1,2
BRF:4
BRH:3
end_of_record
TN:
SF:src/entities/Books.ts
FNF:0
FNH:0
DA:1,2
DA:4,2
DA:6,2
DA:9,2
DA:12,2
LF:5
LH:5
BRF:0
BRH:0
end_of_record
TN:
SF:src/entities/User.ts
FNF:0
FNH:0
DA:1,2
DA:4,2
DA:6,2
DA:9,2
DA:12,2
DA:15,2
LF:6
LH:6
BRF:0
BRH:0
end_of_record
