TN:
SF:__tests__/util/createFakeBook.ts
FN:3,createFakeBook
FNF:1
FNH:1
FNDA:10,createFakeBook
DA:1,1
DA:4,10
DA:9,10
DA:12,1
LF:4
LH:4
BRF:0
BRH:0
end_of_record
TN:
SF:__tests__/util/createFakeUser.ts
FN:3,createFakeUser
FNF:1
FNH:1
FNDA:9,createFakeUser
DA:1,2
DA:4,9
DA:10,9
DA:13,2
LF:4
LH:4
BRF:0
BRH:0
end_of_record
TN:
SF:src/app.ts
FNF:0
FNH:0
DA:1,3
DA:3,3
DA:5,3
DA:7,3
DA:9,3
DA:10,3
DA:12,3
LF:7
LH:7
BRF:0
BRH:0
end_of_record
TN:
SF:src/routes.ts
FNF:0
FNH:0
DA:1,3
DA:2,3
DA:3,3
DA:5,3
DA:7,3
DA:8,3
DA:10,3
DA:11,3
DA:12,3
DA:13,3
DA:14,3
DA:16,3
DA:18,3
LF:13
LH:13
BRF:0
BRH:0
end_of_record
TN:
SF:src/controllers/AuthController.ts
FN:15,generateToken
FN:22,(anonymous_2)
FN:62,(anonymous_3)
FNF:3
FNH:3
FNDA:7,generateToken
FNDA:10,(anonymous_2)
FNDA:3,(anonymous_3)
DA:2,3
DA:3,3
DA:5,3
DA:6,3
DA:9,3
DA:11,3
DA:13,3
DA:16,7
DA:21,3
DA:23,10
DA:25,10
DA:26,1
DA:29,9
DA:30,1
DA:35,8
DA:36,1
DA:41,7
DA:43,7
DA:45,7
DA:46,7
DA:52,7
DA:54,6
DA:56,6
DA:58,1
DA:63,3
DA:65,3
DA:67,3
DA:68,3
DA:70,2
DA:72,2
DA:74,2
DA:75,1
DA:77,1
DA:79,1
DA:84,1
LF:35
LH:35
BRDA:25,0,0,1
BRDA:25,0,1,9
BRDA:29,1,0,1
BRDA:29,1,1,8
BRDA:35,2,0,1
BRDA:35,2,1,7
BRDA:74,3,0,1
BRDA:74,3,1,1
BRF:8
BRH:8
end_of_record
TN:
SF:src/controllers/BooksController.ts
FN:6,(anonymous_1)
FN:29,(anonymous_2)
FN:43,(anonymous_3)
FN:51,(anonymous_4)
FN:65,(anonymous_5)
FN:87,(anonymous_6)
FNF:6
FNH:6
FNDA:7,(anonymous_1)
FNDA:2,(anonymous_2)
FNDA:1,(anonymous_3)
FNDA:1,(anonymous_4)
FNDA:2,(anonymous_5)
FNDA:2,(anonymous_6)
DA:2,3
DA:3,3
DA:5,3
DA:7,7
DA:9,7
DA:10,1
DA:15,6
DA:16,1
DA:21,5
DA:23,5
DA:24,5
DA:26,5
DA:30,2
DA:32,2
DA:34,2
DA:35,2
DA:37,1
DA:39,1
DA:44,1
DA:46,1
DA:48,1
DA:52,1
DA:54,1
DA:56,1
DA:57,1
DA:59,1
DA:61,0
DA:66,2
DA:67,2
DA:69,2
DA:71,2
DA:72,2
DA:74,2
DA:75,1
DA:76,1
DA:79,2
DA:81,1
DA:83,1
DA:88,2
DA:90,2
DA:92,2
DA:97,2
DA:98,1
DA:101,1
LF:44
LH:43
BRDA:9,0,0,1
BRDA:9,0,1,6
BRDA:15,1,0,1
BRDA:15,1,1,5
BRDA:74,2,0,1
BRDA:74,2,1,1
BRDA:97,3,0,1
BRDA:97,3,1,1
BRF:8
BRH:8
end_of_record
TN:
SF:src/database/connection.ts
FN:12,(anonymous_0)
FNF:1
FNH:0
FNDA:0,(anonymous_0)
DA:1,3
DA:3,3
DA:4,0
DA:12,0
LF:4
LH:2
BRDA:3,0,0,0
BRDA:3,0,1,3
BRF:2
BRH:1
end_of_record
TN:
SF:src/entities/Book.ts
FNF:0
FNH:0
DA:1,3
DA:4,3
DA:6,3
DA:9,3
DA:12,3
LF:5
LH:5
BRF:0
BRH:0
end_of_record
TN:
SF:src/entities/User.ts
FNF:0
FNH:0
DA:1,3
DA:4,3
DA:6,3
DA:9,3
DA:12,3
DA:15,3
LF:6
LH:6
BRF:0
BRH:0
end_of_record
